<?xml version="1.0" encoding="UTF-8"?>
<!-- Generated by org.testng.reporters.JUnitReportReporter -->
<testsuite hostname="DESKTOP-EQ0RH0B" failures="0" tests="3" name="br.com.recatalog.B3DataAutomation.pages.ResumoEmpresaPageTest" time="115.456" errors="0" timestamp="2020-08-18T19:45:05 BRT" skipped="0">
  <testcase classname="br.com.recatalog.B3DataAutomation.pages.ResumoEmpresaPageTest" name="validatePageTest" time="42.251"/>
  <system-out/>
  <testcase classname="br.com.recatalog.B3DataAutomation.pages.ResumoEmpresaPageTest" name="stockCodeTest" time="41.070"/>
  <system-out/>
  <testcase classname="br.com.recatalog.B3DataAutomation.pages.ResumoEmpresaPageTest" name="clickOnVoltarTest" time="32.135"/>
  <system-out/>
</testsuite> <!-- br.com.recatalog.B3DataAutomation.pages.ResumoEmpresaPageTest -->
