<?xml version="1.0" encoding="UTF-8"?>
<!-- Generated by org.testng.reporters.JUnitReportReporter -->
<testsuite hostname="DESKTOP-EQ0RH0B" failures="0" tests="1" name="br.com.recatalog.B3DataAutomation.pages.ResumoEmpresaPageTest" time="0.014" errors="0" timestamp="2020-09-07T12:13:43 BRT" skipped="0">
  <testcase classname="br.com.recatalog.B3DataAutomation.pages.ResumoEmpresaPageTest" name="testOk" time="0.014"/>
  <system-out/>
</testsuite> <!-- br.com.recatalog.B3DataAutomation.pages.ResumoEmpresaPageTest -->
