<?xml version="1.0" encoding="UTF-8"?>
<!-- Generated by org.testng.reporters.JUnitReportReporter -->
<testsuite hostname="DESKTOP-EQ0RH0B" failures="0" tests="2" name="br.com.recatalog.B3DataAutomation.pages.HomePageTest" time="25.304" errors="0" timestamp="2020-08-18T07:24:20 BRT" skipped="0">
  <testcase classname="br.com.recatalog.B3DataAutomation.pages.HomePageTest" name="HomePageTitleTest" time="12.323"/>
  <system-out/>
  <testcase classname="br.com.recatalog.B3DataAutomation.pages.HomePageTest" name="HomePageLogoTest" time="12.981"/>
  <system-out/>
</testsuite> <!-- br.com.recatalog.B3DataAutomation.pages.HomePageTest -->
